[2024-11-16 20:41:27.072] [debug] Try expanding: $XDG_CONFIG_HOME/waybar/config
[2024-11-16 20:41:27.072] [debug] Try expanding: $XDG_CONFIG_HOME/waybar/config.jsonc
[2024-11-16 20:41:27.072] [debug] Try expanding: $HOME/.config/waybar/config
[2024-11-16 20:41:27.072] [debug] Try expanding: $HOME/.config/waybar/config.jsonc
[2024-11-16 20:41:27.072] [debug] Found config file: $HOME/.config/waybar/config.jsonc
[2024-11-16 20:41:27.072] [info] Using configuration file /home/calle/.config/waybar/config.jsonc
[2024-11-16 20:41:27.073] [info] Unable to receive desktop appearance: GDBus.Error:org.freedesktop.DBus.Error.UnknownMethod: Keine derartige Schnittstelle »org.freedesktop.portal.Settings« des Objekts im Pfad /org/freedesktop/portal/desktop
[2024-11-16 20:41:27.073] [debug] Try expanding: $XDG_CONFIG_HOME/waybar/style.css
[2024-11-16 20:41:27.073] [debug] Try expanding: $HOME/.config/waybar/style.css
[2024-11-16 20:41:27.073] [debug] Found config file: $HOME/.config/waybar/style.css
[2024-11-16 20:41:27.073] [info] Using CSS file /home/calle/.config/waybar/style.css
[2024-11-16 20:41:27.076] [debug] Output detection done: DP-1 (ASUSTek COMPUTER INC VZ239 RBLMRS020161)
[2024-11-16 20:41:27.080] [debug] window-rewrite is not defined or is not an object, using default rules.
[2024-11-16 20:41:27.080] [info] Hyprland IPC starting
[2024-11-16 20:41:27.081] [debug] Initializing workspaces
[2024-11-16 20:41:27.082] [debug] Initializing persistent workspaces
[2024-11-16 20:41:27.082] [info] Loading persistent workspaces from Hyprland workspace rules
[2024-11-16 20:41:27.084] [debug] [wireplumber]: preparing object manager
[2024-11-16 20:41:27.084] [debug] [wireplumber]: connecting to pipewire...
[2024-11-16 20:41:27.084] [debug] [wireplumber]: connected!
[2024-11-16 20:41:27.084] [debug] [wireplumber]: loading default nodes api module
[2024-11-16 20:41:27.099] [debug] Output detection done: DP-2 (ASUSTek COMPUTER INC VZ239 RBLMRS020162)
[2024-11-16 20:41:27.101] [debug] window-rewrite is not defined or is not an object, using default rules.
[2024-11-16 20:41:27.102] [debug] Initializing workspaces
[2024-11-16 20:41:27.103] [debug] Initializing persistent workspaces
[2024-11-16 20:41:27.103] [info] Loading persistent workspaces from Hyprland workspace rules
[2024-11-16 20:41:27.104] [debug] [wireplumber]: preparing object manager
[2024-11-16 20:41:27.104] [debug] [wireplumber]: connecting to pipewire...
[2024-11-16 20:41:27.104] [debug] [wireplumber]: connected!
[2024-11-16 20:41:27.104] [debug] [wireplumber]: loading default nodes api module
[2024-11-16 20:41:27.105] [debug] Output detection done: DP-3 (ASUSTek COMPUTER INC VZ239 N2LMRS032374)
[2024-11-16 20:41:27.108] [debug] window-rewrite is not defined or is not an object, using default rules.
[2024-11-16 20:41:27.109] [debug] Initializing workspaces
[2024-11-16 20:41:27.110] [debug] Initializing persistent workspaces
[2024-11-16 20:41:27.110] [info] Loading persistent workspaces from Hyprland workspace rules
[2024-11-16 20:41:27.110] [debug] [wireplumber]: preparing object manager
[2024-11-16 20:41:27.110] [debug] [wireplumber]: connecting to pipewire...
[2024-11-16 20:41:27.111] [debug] [wireplumber]: connected!
[2024-11-16 20:41:27.111] [debug] [wireplumber]: loading default nodes api module
[2024-11-16 20:41:27.112] [debug] GTK widget tree:
window#waybar.background.top..mode-default.DP-3:dir(ltr)
  decoration:dir(ltr)
  box.horizontal:dir(ltr)
    box.horizontal.modules-left:dir(ltr)
      widget:dir(ltr)
        label#custom-cpun.module:dir(ltr)
      widget:dir(ltr)
        label#custom-gpu.module:dir(ltr)
      widget:dir(ltr)
        label#memory.module:dir(ltr)
    box.horizontal.modules-center:dir(ltr)
      widget:dir(ltr)
        box#workspaces.horizontal.module:dir(ltr)
    box.horizontal.modules-right:dir(ltr)
      widget:dir(ltr)
        label#wireplumber.module:dir(ltr)
      widget:dir(ltr)
        label#clock.module:dir(ltr)

[2024-11-16 20:41:27.112] [debug] GTK widget tree:
window#waybar.background.top..mode-default.DP-2:dir(ltr)
  decoration:dir(ltr)
  box.horizontal:dir(ltr)
    box.horizontal.modules-left:dir(ltr)
      widget:dir(ltr)
        label#custom-cpun.module:dir(ltr)
      widget:dir(ltr)
        label#custom-gpu.module:dir(ltr)
      widget:dir(ltr)
        label#memory.module:dir(ltr)
    box.horizontal.modules-center:dir(ltr)
      widget:dir(ltr)
        box#workspaces.horizontal.module:dir(ltr)
    box.horizontal.modules-right:dir(ltr)
      widget:dir(ltr)
        label#wireplumber.module:dir(ltr)
      widget:dir(ltr)
        label#clock.module:dir(ltr)

[2024-11-16 20:41:27.113] [debug] GTK widget tree:
window#waybar.background.top.DP-1..mode-default:dir(ltr)
  decoration:dir(ltr)
  box.horizontal:dir(ltr)
    box.horizontal.modules-left:dir(ltr)
      widget:dir(ltr)
        label#custom-cpun.module:dir(ltr)
      widget:dir(ltr)
        label#custom-gpu.module:dir(ltr)
      widget:dir(ltr)
        label#memory.module:dir(ltr)
    box.horizontal.modules-center:dir(ltr)
      widget:dir(ltr)
        box#workspaces.horizontal.module:dir(ltr)
    box.horizontal.modules-right:dir(ltr)
      widget:dir(ltr)
        label#wireplumber.module:dir(ltr)
      widget:dir(ltr)
        label#clock.module:dir(ltr)

[2024-11-16 20:41:27.113] [debug] Cmd exited with code 0
[2024-11-16 20:41:27.113] [debug] Received SIGCHLD in signalThread
[2024-11-16 20:41:27.113] [debug] Creating workspace 1
[2024-11-16 20:41:27.114] [debug] Creating workspace 2
[2024-11-16 20:41:27.115] [debug] Creating workspace 3
[2024-11-16 20:41:27.115] [debug] Creating workspace 6
[2024-11-16 20:41:27.145] [debug] Received SIGCHLD in signalThread
[2024-11-16 20:41:27.145] [debug] Cmd exited with code 0
[2024-11-16 20:41:27.176] [debug] Received SIGCHLD in signalThread
[2024-11-16 20:41:27.176] [debug] Cmd exited with code 0
[2024-11-16 20:41:27.275] [debug] Creating workspace 1
[2024-11-16 20:41:27.275] [debug] Creating workspace 2
[2024-11-16 20:41:27.275] [debug] Creating workspace 3
[2024-11-16 20:41:27.275] [debug] Creating workspace 6
[2024-11-16 20:41:27.335] [debug] Creating workspace 1
[2024-11-16 20:41:27.336] [debug] Creating workspace 2
[2024-11-16 20:41:27.336] [debug] Creating workspace 3
[2024-11-16 20:41:27.336] [debug] Creating workspace 6
[2024-11-16 20:41:27.381] [info] Bar configured (width: 1920, height: 39) for output: DP-1
[2024-11-16 20:41:27.381] [info] Bar configured (width: 1920, height: 39) for output: DP-2
[2024-11-16 20:41:27.381] [info] Bar configured (width: 1920, height: 39) for output: DP-3
[2024-11-16 20:41:27.384] [debug] [wireplumber]: callback loading default node api module
[2024-11-16 20:41:27.384] [debug] [wireplumber]: loaded default nodes api
[2024-11-16 20:41:27.384] [debug] [wireplumber]: loading mixer api module
[2024-11-16 20:41:27.384] [debug] [wireplumber]: callback loading default node api module
[2024-11-16 20:41:27.384] [debug] [wireplumber]: loaded default nodes api
[2024-11-16 20:41:27.384] [debug] [wireplumber]: loading mixer api module
[2024-11-16 20:41:27.384] [debug] [wireplumber]: callback loading default node api module
[2024-11-16 20:41:27.384] [debug] [wireplumber]: loaded default nodes api
[2024-11-16 20:41:27.384] [debug] [wireplumber]: loading mixer api module
[2024-11-16 20:41:27.386] [debug] hyprland IPC received openlayer>>waybar
[2024-11-16 20:41:27.387] [debug] hyprland IPC received openlayer>>waybar
[2024-11-16 20:41:27.388] [debug] hyprland IPC received openlayer>>waybar
[2024-11-16 20:41:27.390] [debug] [wireplumber]: loaded mixer API
[2024-11-16 20:41:27.390] [debug] [wireplumber]: activating plugins
[2024-11-16 20:41:27.391] [debug] [wireplumber]: onPluginActivated: mixer-api
[2024-11-16 20:41:27.391] [debug] [wireplumber]: loaded mixer API
[2024-11-16 20:41:27.391] [debug] [wireplumber]: activating plugins
[2024-11-16 20:41:27.391] [debug] [wireplumber]: onPluginActivated: mixer-api
[2024-11-16 20:41:27.391] [debug] [wireplumber]: loaded mixer API
[2024-11-16 20:41:27.391] [debug] [wireplumber]: activating plugins
[2024-11-16 20:41:27.391] [debug] [wireplumber]: onPluginActivated: mixer-api
[2024-11-16 20:41:27.391] [debug] [wireplumber]: onPluginActivated: default-nodes-api
[2024-11-16 20:41:27.391] [debug] [wireplumber]: onPluginActivated: default-nodes-api
[2024-11-16 20:41:27.391] [debug] [wireplumber]: onPluginActivated: default-nodes-api
[2024-11-16 20:41:27.391] [debug] [wireplumber]: onObjectManagerInstalled
[2024-11-16 20:41:27.391] [debug] [wireplumber]: updating volume
[2024-11-16 20:41:27.391] [debug] [wireplumber]: updating node name with node.id 60
[2024-11-16 20:41:27.391] [debug] [wireplumber]: Updating node name to: Scarlett Solo 4th Gen
[2024-11-16 20:41:27.391] [debug] [wireplumber]: onObjectManagerInstalled
[2024-11-16 20:41:27.391] [debug] [wireplumber]: updating volume
[2024-11-16 20:41:27.391] [debug] [wireplumber]: updating node name with node.id 60
[2024-11-16 20:41:27.391] [debug] [wireplumber]: Updating node name to: Scarlett Solo 4th Gen
[2024-11-16 20:41:27.391] [debug] [wireplumber]: onObjectManagerInstalled
[2024-11-16 20:41:27.391] [debug] [wireplumber]: updating volume
[2024-11-16 20:41:27.391] [debug] [wireplumber]: updating node name with node.id 60
[2024-11-16 20:41:27.392] [debug] [wireplumber]: Updating node name to: Scarlett Solo 4th Gen
[2024-11-16 20:41:27.603] [debug] Received SIGCHLD in signalThread
[2024-11-16 20:41:27.603] [debug] Cmd exited with code 0
[2024-11-16 20:41:27.604] [error] custom/cpun: argument not found
[2024-11-16 20:41:27.630] [debug] Received SIGCHLD in signalThread
[2024-11-16 20:41:27.630] [debug] Cmd exited with code 0
[2024-11-16 20:41:27.631] [error] custom/cpun: argument not found
[2024-11-16 20:41:27.634] [debug] Cmd exited with code 0
[2024-11-16 20:41:27.634] [debug] Received SIGCHLD in signalThread
[2024-11-16 20:41:27.635] [error] custom/cpun: argument not found
[2024-11-16 20:41:30.165] [debug] Cmd exited with code 0
[2024-11-16 20:41:30.165] [debug] Received SIGCHLD in signalThread
[2024-11-16 20:41:30.165] [error] custom/cpun: argument not found
[2024-11-16 20:41:30.203] [debug] Received SIGCHLD in signalThread
[2024-11-16 20:41:30.203] [debug] Cmd exited with code 0
[2024-11-16 20:41:30.203] [error] custom/cpun: argument not found
[2024-11-16 20:41:30.204] [debug] Cmd exited with code 0
[2024-11-16 20:41:30.204] [debug] Received SIGCHLD in signalThread
[2024-11-16 20:41:30.204] [error] custom/cpun: argument not found
[2024-11-16 20:41:31.152] [debug] Cmd exited with code 0
[2024-11-16 20:41:31.152] [debug] Received SIGCHLD in signalThread
[2024-11-16 20:41:31.178] [debug] Cmd exited with code 0
[2024-11-16 20:41:31.178] [debug] Received SIGCHLD in signalThread
[2024-11-16 20:41:31.209] [debug] Received SIGCHLD in signalThread
[2024-11-16 20:41:31.209] [debug] Cmd exited with code 0
[2024-11-16 20:41:32.740] [debug] Received SIGCHLD in signalThread
[2024-11-16 20:41:32.741] [debug] Cmd exited with code 0
[2024-11-16 20:41:32.741] [error] custom/cpun: argument not found
[2024-11-16 20:41:32.807] [debug] Received SIGCHLD in signalThread
[2024-11-16 20:41:32.807] [debug] Cmd exited with code 0
[2024-11-16 20:41:32.807] [error] custom/cpun: argument not found
[2024-11-16 20:41:32.813] [debug] Received SIGCHLD in signalThread
[2024-11-16 20:41:32.813] [debug] Cmd exited with code 0
[2024-11-16 20:41:32.813] [error] custom/cpun: argument not found
[2024-11-16 20:41:35.227] [debug] Received SIGCHLD in signalThread
[2024-11-16 20:41:35.227] [debug] Cmd exited with code 0
[2024-11-16 20:41:35.260] [debug] Cmd exited with code 0
[2024-11-16 20:41:35.260] [debug] Received SIGCHLD in signalThread
[2024-11-16 20:41:35.281] [debug] Cmd exited with code 0
[2024-11-16 20:41:35.281] [debug] Cmd exited with code 0
[2024-11-16 20:41:35.281] [debug] Received SIGCHLD in signalThread
[2024-11-16 20:41:35.281] [error] custom/cpun: argument not found
[2024-11-16 20:41:35.375] [debug] Received SIGCHLD in signalThread
[2024-11-16 20:41:35.375] [debug] Cmd exited with code 0
[2024-11-16 20:41:35.375] [debug] Cmd exited with code 0
[2024-11-16 20:41:35.375] [debug] Received SIGCHLD in signalThread
[2024-11-16 20:41:35.375] [error] custom/cpun: argument not found
[2024-11-16 20:41:35.375] [error] custom/cpun: argument not found
[2024-11-16 20:41:37.814] [debug] Received SIGCHLD in signalThread
[2024-11-16 20:41:37.814] [debug] Cmd exited with code 0
[2024-11-16 20:41:37.815] [error] custom/cpun: argument not found
[2024-11-16 20:41:37.939] [debug] Cmd exited with code 0
[2024-11-16 20:41:37.939] [debug] Received SIGCHLD in signalThread
[2024-11-16 20:41:37.939] [error] custom/cpun: argument not found
[2024-11-16 20:41:37.944] [debug] Received SIGCHLD in signalThread
[2024-11-16 20:41:37.944] [debug] Cmd exited with code 0
[2024-11-16 20:41:37.944] [error] custom/cpun: argument not found
